{
  "stats": {
    "suites": 1,
    "tests": 1,
    "passes": 1,
    "pending": 0,
    "failures": 0,
    "start": "2023-06-23T02:05:01.943Z",
    "end": "2023-06-23T02:05:12.836Z",
    "duration": 10893,
    "testsRegistered": 1,
    "passPercent": 100,
    "pendingPercent": 0,
    "other": 0,
    "hasOther": false,
    "skipped": 0,
    "hasSkipped": false
  },
  "results": [
    {
      "uuid": "0a3f3566-88e0-4d91-93ba-b21f44cdbc5b",
      "title": "",
      "fullFile": "cypress\\e2e\\ver-steaworks.cy.js",
      "file": "cypress\\e2e\\ver-steaworks.cy.js",
      "beforeHooks": [],
      "afterHooks": [],
      "tests": [],
      "suites": [
        {
          "uuid": "edbae3d8-3341-4815-8ff1-908fc5078a52",
          "title": "Ver steamworks",
          "fullFile": "",
          "file": "",
          "beforeHooks": [],
          "afterHooks": [],
          "tests": [
            {
              "title": "passes",
              "fullTitle": "Ver steamworks passes",
              "timedOut": null,
              "duration": 9121,
              "state": "passed",
              "speed": "medium",
              "pass": true,
              "fail": false,
              "pending": false,
              "context": null,
              "code": "cy.visit('https://store.steampowered.com/');\ncy.get('.supernav_container > [href=\"https://store.steampowered.com/about/?snr=1_4_4__global-header\"]').click();\ncy.get('.smooth_scroll').click();\ncy.get('#about_cta_steamworks > .cta_content > .cta_btn > a').click();",
              "err": {},
              "uuid": "c686d7c8-0f29-46cc-9309-b07cd048f49e",
              "parentUUID": "edbae3d8-3341-4815-8ff1-908fc5078a52",
              "isHook": false,
              "skipped": false
            }
          ],
          "suites": [],
          "passes": [
            "c686d7c8-0f29-46cc-9309-b07cd048f49e"
          ],
          "failures": [],
          "pending": [],
          "skipped": [],
          "duration": 9121,
          "root": false,
          "rootEmpty": false,
          "_timeout": 2000
        }
      ],
      "passes": [],
      "failures": [],
      "pending": [],
      "skipped": [],
      "duration": 0,
      "root": true,
      "rootEmpty": true,
      "_timeout": 2000
    }
  ],
  "meta": {
    "mocha": {
      "version": "7.0.1"
    },
    "mochawesome": {
      "options": {
        "quiet": false,
        "reportFilename": "mochawesome",
        "saveHtml": true,
        "saveJson": true,
        "consoleReporter": "spec",
        "useInlineDiffs": false,
        "code": true
      },
      "version": "7.1.3"
    },
    "marge": {
      "options": null,
      "version": "6.2.0"
    }
  }
}